2026-05-12 15:21:49,160 INFO app HTTP request [method=GET route=/health status=200 duration_ms=0.18]
2026-05-12 15:21:49,187 INFO app HTTP request [method=GET route=/api/v1/books status=200 duration_ms=4.79]
2026-05-12 15:21:49,232 INFO app HTTP request [method=POST route=/api/v1/books status=201 duration_ms=25.48]
2026-05-12 15:21:49,236 INFO app HTTP request [method=GET route=/metrics status=200 duration_ms=0.86]
2026-05-12 15:21:49,258 INFO app HTTP request [method=GET route=/api/v1/users status=200 duration_ms=4.77]
2026-05-12 15:21:49,307 INFO app HTTP request [method=POST route=/api/v1/users status=201 duration_ms=28.28]
2026-05-12 15:21:49,331 INFO app HTTP request [method=GET route=/api/v1/books/<int:book_id> status=404 duration_ms=4.1]
2026-05-12 15:21:49,378 INFO app HTTP request [method=POST route=/api/v1/book-reviews status=201 duration_ms=25.42]
2026-05-12 15:21:49,402 INFO app HTTP request [method=GET route=/api/v1/book-reviews status=200 duration_ms=4.15]
2026-05-12 15:21:49,426 INFO app HTTP request [method=DELETE route=/api/v1/books/<int:book_id> status=404 duration_ms=3.76]
2026-05-12 15:21:49,444 INFO app HTTP request [method=GET route=/metrics status=200 duration_ms=1.24]
2026-05-12 15:21:54,220 INFO app HTTP request [method=GET route=/metrics status=200 duration_ms=2.46]
2026-05-12 15:21:59,221 INFO app HTTP request [method=GET route=/metrics status=200 duration_ms=1.7]
2026-05-12 15:22:04,218 INFO app HTTP request [method=GET route=/metrics status=200 duration_ms=1.11]
2026-05-12 15:22:09,222 INFO app HTTP request [method=GET route=/metrics status=200 duration_ms=2.8]
2026-05-12 15:22:14,219 INFO app HTTP request [method=GET route=/metrics status=200 duration_ms=1.59]
2026-05-12 15:22:19,219 INFO app HTTP request [method=GET route=/metrics status=200 duration_ms=2.15]
2026-05-12 15:22:24,215 INFO app HTTP request [method=GET route=/metrics status=200 duration_ms=1.14]
2026-05-12 15:22:29,216 INFO app HTTP request [method=GET route=/metrics status=200 duration_ms=1.04]
2026-05-12 15:22:34,216 INFO app HTTP request [method=GET route=/metrics status=200 duration_ms=1.41]
2026-05-12 15:22:39,218 INFO app HTTP request [method=GET route=/metrics status=200 duration_ms=2.18]
2026-05-12 15:22:44,215 INFO app HTTP request [method=GET route=/metrics status=200 duration_ms=1.04]
2026-05-12 15:22:49,218 INFO app HTTP request [method=GET route=/metrics status=200 duration_ms=2.81]
2026-05-12 15:22:54,215 INFO app HTTP request [method=GET route=/metrics status=200 duration_ms=1.14]
2026-05-12 15:22:59,216 INFO app HTTP request [method=GET route=/metrics status=200 duration_ms=1.95]
2026-05-12 15:23:04,214 INFO app HTTP request [method=GET route=/metrics status=200 duration_ms=1.22]
2026-05-12 15:23:09,219 INFO app HTTP request [method=GET route=/metrics status=200 duration_ms=1.68]
2026-05-12 15:23:14,214 INFO app HTTP request [method=GET route=/metrics status=200 duration_ms=1.22]
2026-05-12 15:23:19,213 INFO app HTTP request [method=GET route=/metrics status=200 duration_ms=1.84]
2026-05-12 15:23:24,211 INFO app HTTP request [method=GET route=/metrics status=200 duration_ms=1.85]
2026-05-12 15:23:29,211 INFO app HTTP request [method=GET route=/metrics status=200 duration_ms=1.16]
2026-05-12 15:23:34,215 INFO app HTTP request [method=GET route=/metrics status=200 duration_ms=2.75]
2026-05-12 15:23:39,210 INFO app HTTP request [method=GET route=/metrics status=200 duration_ms=1.28]
2026-05-12 15:23:44,211 INFO app HTTP request [method=GET route=/metrics status=200 duration_ms=1.1]
2026-05-12 15:23:49,208 INFO app HTTP request [method=GET route=/metrics status=200 duration_ms=1.11]
2026-05-12 15:23:54,211 INFO app HTTP request [method=GET route=/metrics status=200 duration_ms=2.36]
2026-05-12 15:23:59,212 INFO app HTTP request [method=GET route=/metrics status=200 duration_ms=3.15]
2026-05-12 15:24:04,212 INFO app HTTP request [method=GET route=/metrics status=200 duration_ms=2.43]
2026-05-12 15:24:09,212 INFO app HTTP request [method=GET route=/metrics status=200 duration_ms=2.74]
2026-05-12 15:24:14,211 INFO app HTTP request [method=GET route=/metrics status=200 duration_ms=2.39]
2026-05-12 15:24:19,208 INFO app HTTP request [method=GET route=/metrics status=200 duration_ms=1.09]
2026-05-12 15:24:24,210 INFO app HTTP request [method=GET route=/metrics status=200 duration_ms=2.82]
2026-05-12 15:24:29,207 INFO app HTTP request [method=GET route=/metrics status=200 duration_ms=1.36]
2026-05-12 15:24:34,211 INFO app HTTP request [method=GET route=/metrics status=200 duration_ms=1.54]
2026-05-12 15:24:39,210 INFO app HTTP request [method=GET route=/metrics status=200 duration_ms=3.05]
2026-05-12 15:24:44,206 INFO app HTTP request [method=GET route=/metrics status=200 duration_ms=1.49]
2026-05-12 15:24:49,206 INFO app HTTP request [method=GET route=/metrics status=200 duration_ms=1.29]
2026-05-12 15:24:54,204 INFO app HTTP request [method=GET route=/metrics status=200 duration_ms=1.44]
2026-05-12 15:24:59,205 INFO app HTTP request [method=GET route=/metrics status=200 duration_ms=1.32]
2026-05-12 15:25:04,205 INFO app HTTP request [method=GET route=/metrics status=200 duration_ms=1.29]
2026-05-12 15:25:09,209 INFO app HTTP request [method=GET route=/metrics status=200 duration_ms=2.54]
2026-05-12 15:25:14,207 INFO app HTTP request [method=GET route=/metrics status=200 duration_ms=2.3]
2026-05-12 15:25:19,201 INFO app HTTP request [method=GET route=/metrics status=200 duration_ms=1.48]
2026-05-12 15:25:24,202 INFO app HTTP request [method=GET route=/metrics status=200 duration_ms=1.45]
2026-05-12 15:25:29,202 INFO app HTTP request [method=GET route=/metrics status=200 duration_ms=1.55]
2026-05-12 15:25:34,203 INFO app HTTP request [method=GET route=/metrics status=200 duration_ms=2.52]
2026-05-12 15:25:39,202 INFO app HTTP request [method=GET route=/metrics status=200 duration_ms=1.32]
2026-05-12 15:25:44,204 INFO app HTTP request [method=GET route=/metrics status=200 duration_ms=2.81]
2026-05-12 15:25:49,201 INFO app HTTP request [method=GET route=/metrics status=200 duration_ms=1.59]
2026-05-12 15:25:54,203 INFO app HTTP request [method=GET route=/metrics status=200 duration_ms=2.35]
2026-05-12 15:25:59,202 INFO app HTTP request [method=GET route=/metrics status=200 duration_ms=2.54]
2026-05-12 15:26:04,201 INFO app HTTP request [method=GET route=/metrics status=200 duration_ms=2.14]
2026-05-12 15:26:09,202 INFO app HTTP request [method=GET route=/metrics status=200 duration_ms=2.24]
2026-05-12 15:26:14,199 INFO app HTTP request [method=GET route=/metrics status=200 duration_ms=1.19]
2026-05-12 15:26:19,201 INFO app HTTP request [method=GET route=/metrics status=200 duration_ms=3.08]
2026-05-12 15:26:24,198 INFO app HTTP request [method=GET route=/metrics status=200 duration_ms=2.0]
2026-05-12 15:26:29,200 INFO app HTTP request [method=GET route=/metrics status=200 duration_ms=2.97]
2026-05-12 15:26:34,199 INFO app HTTP request [method=GET route=/metrics status=200 duration_ms=2.78]
2026-05-12 15:26:39,198 INFO app HTTP request [method=GET route=/metrics status=200 duration_ms=2.04]
2026-05-12 15:26:44,199 INFO app HTTP request [method=GET route=/metrics status=200 duration_ms=2.33]
2026-05-12 15:26:49,197 INFO app HTTP request [method=GET route=/metrics status=200 duration_ms=2.21]
2026-05-12 15:26:54,197 INFO app HTTP request [method=GET route=/metrics status=200 duration_ms=2.6]
2026-05-12 15:26:59,197 INFO app HTTP request [method=GET route=/metrics status=200 duration_ms=2.61]
2026-05-12 15:27:04,198 INFO app HTTP request [method=GET route=/metrics status=200 duration_ms=2.88]
2026-05-12 15:27:09,202 INFO app HTTP request [method=GET route=/metrics status=200 duration_ms=3.16]
2026-05-12 15:27:14,194 INFO app HTTP request [method=GET route=/metrics status=200 duration_ms=1.06]
2026-05-12 15:27:19,200 INFO app HTTP request [method=GET route=/metrics status=200 duration_ms=3.3]
2026-05-12 15:27:24,194 INFO app HTTP request [method=GET route=/metrics status=200 duration_ms=1.87]
2026-05-12 15:27:29,193 INFO app HTTP request [method=GET route=/metrics status=200 duration_ms=1.64]
2026-05-12 15:27:34,194 INFO app HTTP request [method=GET route=/metrics status=200 duration_ms=1.8]
2026-05-12 15:27:39,193 INFO app HTTP request [method=GET route=/metrics status=200 duration_ms=1.4]
2026-05-12 15:27:44,196 INFO app HTTP request [method=GET route=/metrics status=200 duration_ms=2.81]
2026-05-12 15:27:49,190 INFO app HTTP request [method=GET route=/metrics status=200 duration_ms=1.1]
2026-05-12 15:27:54,194 INFO app HTTP request [method=GET route=/metrics status=200 duration_ms=3.1]
2026-05-12 15:27:59,190 INFO app HTTP request [method=GET route=/metrics status=200 duration_ms=1.37]
2026-05-12 15:28:04,190 INFO app HTTP request [method=GET route=/metrics status=200 duration_ms=1.41]
2026-05-12 15:28:09,191 INFO app HTTP request [method=GET route=/metrics status=200 duration_ms=1.46]
2026-05-12 15:28:14,189 INFO app HTTP request [method=GET route=/metrics status=200 duration_ms=1.23]
2026-05-12 15:28:19,191 INFO app HTTP request [method=GET route=/metrics status=200 duration_ms=2.92]
2026-05-12 15:28:24,189 INFO app HTTP request [method=GET route=/metrics status=200 duration_ms=1.8]
2026-05-12 15:28:29,191 INFO app HTTP request [method=GET route=/metrics status=200 duration_ms=2.81]
2026-05-12 15:28:34,191 INFO app HTTP request [method=GET route=/metrics status=200 duration_ms=2.68]
2026-05-12 15:28:39,191 INFO app HTTP request [method=GET route=/metrics status=200 duration_ms=2.72]
2026-05-12 15:28:44,189 INFO app HTTP request [method=GET route=/metrics status=200 duration_ms=2.35]
2026-05-12 15:28:49,186 INFO app HTTP request [method=GET route=/metrics status=200 duration_ms=1.04]
2026-05-12 15:28:54,185 INFO app HTTP request [method=GET route=/metrics status=200 duration_ms=1.36]
2026-05-12 15:28:59,186 INFO app HTTP request [method=GET route=/metrics status=200 duration_ms=1.2]
2026-05-12 15:29:04,185 INFO app HTTP request [method=GET route=/metrics status=200 duration_ms=1.08]
2026-05-12 15:29:09,188 INFO app HTTP request [method=GET route=/metrics status=200 duration_ms=2.26]
2026-05-12 15:29:14,187 INFO app HTTP request [method=GET route=/metrics status=200 duration_ms=1.73]
2026-05-12 15:29:19,182 INFO app HTTP request [method=GET route=/metrics status=200 duration_ms=1.05]
2026-05-12 15:29:24,182 INFO app HTTP request [method=GET route=/metrics status=200 duration_ms=1.84]
2026-05-12 15:29:29,185 INFO app HTTP request [method=GET route=/metrics status=200 duration_ms=2.37]
2026-05-12 15:29:34,185 INFO app HTTP request [method=GET route=/metrics status=200 duration_ms=3.16]
2026-05-12 15:29:39,183 INFO app HTTP request [method=GET route=/metrics status=200 duration_ms=1.98]
2026-05-12 15:29:44,182 INFO app HTTP request [method=GET route=/metrics status=200 duration_ms=1.03]
2026-05-12 15:29:49,183 INFO app HTTP request [method=GET route=/metrics status=200 duration_ms=1.83]
2026-05-12 15:29:54,183 INFO app HTTP request [method=GET route=/metrics status=200 duration_ms=2.7]
2026-05-12 15:29:59,181 INFO app HTTP request [method=GET route=/metrics status=200 duration_ms=1.1]
2026-05-12 15:30:04,181 INFO app HTTP request [method=GET route=/metrics status=200 duration_ms=1.04]
2026-05-12 15:30:09,183 INFO app HTTP request [method=GET route=/metrics status=200 duration_ms=2.53]
2026-05-12 15:30:14,180 INFO app HTTP request [method=GET route=/metrics status=200 duration_ms=1.08]
2026-05-12 15:30:19,179 INFO app HTTP request [method=GET route=/metrics status=200 duration_ms=3.18]
2026-05-12 15:30:24,180 INFO app HTTP request [method=GET route=/metrics status=200 duration_ms=2.08]
2026-05-12 15:30:29,181 INFO app HTTP request [method=GET route=/metrics status=200 duration_ms=2.6]
2026-05-12 15:30:34,177 INFO app HTTP request [method=GET route=/metrics status=200 duration_ms=1.23]
2026-05-12 15:30:39,178 INFO app HTTP request [method=GET route=/metrics status=200 duration_ms=1.32]
2026-05-12 15:30:44,178 INFO app HTTP request [method=GET route=/metrics status=200 duration_ms=1.33]
2026-05-12 15:30:49,177 INFO app HTTP request [method=GET route=/metrics status=200 duration_ms=2.0]
2026-05-12 15:30:54,179 INFO app HTTP request [method=GET route=/metrics status=200 duration_ms=2.63]
2026-05-12 15:30:59,178 INFO app HTTP request [method=GET route=/metrics status=200 duration_ms=2.33]
2026-05-12 15:31:04,178 INFO app HTTP request [method=GET route=/metrics status=200 duration_ms=2.59]
2026-05-12 15:31:09,178 INFO app HTTP request [method=GET route=/metrics status=200 duration_ms=2.32]
2026-05-12 15:31:14,178 INFO app HTTP request [method=GET route=/metrics status=200 duration_ms=2.4]
2026-05-12 15:31:19,177 INFO app HTTP request [method=GET route=/metrics status=200 duration_ms=2.63]
2026-05-12 15:31:24,175 INFO app HTTP request [method=GET route=/metrics status=200 duration_ms=1.96]
2026-05-12 15:31:29,176 INFO app HTTP request [method=GET route=/metrics status=200 duration_ms=2.48]
2026-05-12 15:31:34,173 INFO app HTTP request [method=GET route=/metrics status=200 duration_ms=1.11]
2026-05-12 15:31:39,173 INFO app HTTP request [method=GET route=/metrics status=200 duration_ms=1.08]
2026-05-12 15:31:44,175 INFO app HTTP request [method=GET route=/metrics status=200 duration_ms=1.83]
2026-05-12 15:31:49,171 INFO app HTTP request [method=GET route=/metrics status=200 duration_ms=1.22]
2026-05-12 15:31:54,174 INFO app HTTP request [method=GET route=/metrics status=200 duration_ms=2.2]
2026-05-12 15:31:59,176 INFO app HTTP request [method=GET route=/metrics status=200 duration_ms=3.25]
2026-05-12 15:32:04,175 INFO app HTTP request [method=GET route=/metrics status=200 duration_ms=3.09]
2026-05-12 15:32:09,173 INFO app HTTP request [method=GET route=/metrics status=200 duration_ms=1.21]
2026-05-12 15:32:14,174 INFO app HTTP request [method=GET route=/metrics status=200 duration_ms=2.61]
2026-05-12 15:32:19,173 INFO app HTTP request [method=GET route=/metrics status=200 duration_ms=3.43]
2026-05-12 15:32:24,169 INFO app HTTP request [method=GET route=/metrics status=200 duration_ms=1.48]
2026-05-12 15:32:29,171 INFO app HTTP request [method=GET route=/metrics status=200 duration_ms=2.26]
2026-05-12 15:32:34,169 INFO app HTTP request [method=GET route=/metrics status=200 duration_ms=1.5]
2026-05-12 15:32:39,172 INFO app HTTP request [method=GET route=/metrics status=200 duration_ms=2.67]
2026-05-12 15:32:44,170 INFO app HTTP request [method=GET route=/metrics status=200 duration_ms=1.45]
2026-05-12 15:32:49,167 INFO app HTTP request [method=GET route=/metrics status=200 duration_ms=1.62]
2026-05-12 15:32:54,167 INFO app HTTP request [method=GET route=/metrics status=200 duration_ms=1.52]
2026-05-12 15:32:59,166 INFO app HTTP request [method=GET route=/metrics status=200 duration_ms=1.12]
2026-05-12 15:33:04,168 INFO app HTTP request [method=GET route=/metrics status=200 duration_ms=1.63]
2026-05-12 15:33:09,168 INFO app HTTP request [method=GET route=/metrics status=200 duration_ms=2.42]
2026-05-12 15:33:14,167 INFO app HTTP request [method=GET route=/metrics status=200 duration_ms=1.08]
2026-05-12 15:33:19,164 INFO app HTTP request [method=GET route=/metrics status=200 duration_ms=1.2]
2026-05-12 15:33:24,166 INFO app HTTP request [method=GET route=/metrics status=200 duration_ms=1.8]
2026-05-12 15:33:29,164 INFO app HTTP request [method=GET route=/metrics status=200 duration_ms=1.24]
2026-05-12 15:33:34,167 INFO app HTTP request [method=GET route=/metrics status=200 duration_ms=2.52]
2026-05-12 15:33:39,166 INFO app HTTP request [method=GET route=/metrics status=200 duration_ms=2.45]
2026-05-12 15:33:44,166 INFO app HTTP request [method=GET route=/metrics status=200 duration_ms=1.47]
2026-05-12 15:33:49,164 INFO app HTTP request [method=GET route=/metrics status=200 duration_ms=2.36]
2026-05-12 15:33:54,164 INFO app HTTP request [method=GET route=/metrics status=200 duration_ms=2.36]
2026-05-12 15:33:59,166 INFO app HTTP request [method=GET route=/metrics status=200 duration_ms=2.53]
2026-05-12 15:34:04,161 INFO app HTTP request [method=GET route=/metrics status=200 duration_ms=1.18]
2026-05-12 15:34:09,164 INFO app HTTP request [method=GET route=/metrics status=200 duration_ms=2.62]
2026-05-12 15:34:14,164 INFO app HTTP request [method=GET route=/metrics status=200 duration_ms=2.63]
2026-05-12 15:34:19,163 INFO app HTTP request [method=GET route=/metrics status=200 duration_ms=2.28]
2026-05-12 15:34:24,162 INFO app HTTP request [method=GET route=/metrics status=200 duration_ms=2.54]
2026-05-12 15:34:29,160 INFO app HTTP request [method=GET route=/metrics status=200 duration_ms=1.63]
2026-05-12 15:34:34,159 INFO app HTTP request [method=GET route=/metrics status=200 duration_ms=1.15]
2026-05-12 15:34:39,162 INFO app HTTP request [method=GET route=/metrics status=200 duration_ms=2.41]
2026-05-12 15:34:44,165 INFO app HTTP request [method=GET route=/metrics status=200 duration_ms=2.91]
2026-05-12 15:34:49,159 INFO app HTTP request [method=GET route=/metrics status=200 duration_ms=1.81]
2026-05-12 15:34:54,159 INFO app HTTP request [method=GET route=/metrics status=200 duration_ms=2.16]
2026-05-12 15:34:59,161 INFO app HTTP request [method=GET route=/metrics status=200 duration_ms=2.53]
2026-05-12 15:35:04,161 INFO app HTTP request [method=GET route=/metrics status=200 duration_ms=2.82]
2026-05-12 15:35:09,159 INFO app HTTP request [method=GET route=/metrics status=200 duration_ms=2.09]
2026-05-12 15:35:14,157 INFO app HTTP request [method=GET route=/metrics status=200 duration_ms=1.08]
2026-05-12 15:35:19,158 INFO app HTTP request [method=GET route=/metrics status=200 duration_ms=2.43]
2026-05-12 15:35:24,156 INFO app HTTP request [method=GET route=/metrics status=200 duration_ms=2.19]
2026-05-12 15:35:29,158 INFO app HTTP request [method=GET route=/metrics status=200 duration_ms=2.55]
2026-05-12 15:35:34,155 INFO app HTTP request [method=GET route=/metrics status=200 duration_ms=1.26]
2026-05-12 15:35:39,160 INFO app HTTP request [method=GET route=/metrics status=200 duration_ms=3.41]
2026-05-12 15:35:44,155 INFO app HTTP request [method=GET route=/metrics status=200 duration_ms=1.07]
2026-05-12 15:35:49,152 INFO app HTTP request [method=GET route=/metrics status=200 duration_ms=1.1]
2026-05-12 15:35:54,156 INFO app HTTP request [method=GET route=/metrics status=200 duration_ms=2.81]
2026-05-12 15:35:59,152 INFO app HTTP request [method=GET route=/metrics status=200 duration_ms=1.06]
2026-05-12 15:36:04,152 INFO app HTTP request [method=GET route=/metrics status=200 duration_ms=1.11]
2026-05-12 15:36:09,153 INFO app HTTP request [method=GET route=/metrics status=200 duration_ms=1.23]
2026-05-12 15:36:14,154 INFO app HTTP request [method=GET route=/metrics status=200 duration_ms=2.12]
2026-05-12 15:36:19,161 INFO app HTTP request [method=GET route=/metrics status=200 duration_ms=6.38]
2026-05-12 15:36:24,154 INFO app HTTP request [method=GET route=/metrics status=200 duration_ms=2.6]
2026-05-12 15:36:29,154 INFO app HTTP request [method=GET route=/metrics status=200 duration_ms=2.71]
2026-05-12 15:36:34,154 INFO app HTTP request [method=GET route=/metrics status=200 duration_ms=2.43]
2026-05-12 15:36:39,152 INFO app HTTP request [method=GET route=/metrics status=200 duration_ms=1.2]
2026-05-12 15:36:44,153 INFO app HTTP request [method=GET route=/metrics status=200 duration_ms=2.75]
2026-05-12 15:36:49,152 INFO app HTTP request [method=GET route=/metrics status=200 duration_ms=2.42]
2026-05-12 15:36:54,149 INFO app HTTP request [method=GET route=/metrics status=200 duration_ms=1.59]
2026-05-12 15:36:59,148 INFO app HTTP request [method=GET route=/metrics status=200 duration_ms=1.05]
2026-05-12 15:37:04,150 INFO app HTTP request [method=GET route=/metrics status=200 duration_ms=2.05]
2026-05-12 15:37:09,150 INFO app HTTP request [method=GET route=/metrics status=200 duration_ms=1.34]
2026-05-12 15:37:14,148 INFO app HTTP request [method=GET route=/metrics status=200 duration_ms=1.16]
2026-05-12 15:37:19,149 INFO app HTTP request [method=GET route=/metrics status=200 duration_ms=2.64]
2026-05-12 15:37:24,149 INFO app HTTP request [method=GET route=/metrics status=200 duration_ms=2.8]
2026-05-12 15:37:29,145 INFO app HTTP request [method=GET route=/metrics status=200 duration_ms=1.4]
2026-05-12 15:37:34,149 INFO app HTTP request [method=GET route=/metrics status=200 duration_ms=3.02]
2026-05-12 15:37:39,146 INFO app HTTP request [method=GET route=/metrics status=200 duration_ms=1.08]
2026-05-12 15:37:44,146 INFO app HTTP request [method=GET route=/metrics status=200 duration_ms=1.19]
2026-05-12 15:37:49,144 INFO app HTTP request [method=GET route=/metrics status=200 duration_ms=1.25]
2026-05-12 15:37:54,144 INFO app HTTP request [method=GET route=/metrics status=200 duration_ms=2.05]
2026-05-12 15:37:59,147 INFO app HTTP request [method=GET route=/metrics status=200 duration_ms=2.49]
2026-05-12 15:38:04,144 INFO app HTTP request [method=GET route=/metrics status=200 duration_ms=1.66]
2026-05-12 15:38:09,145 INFO app HTTP request [method=GET route=/metrics status=200 duration_ms=2.04]
2026-05-12 15:38:14,146 INFO app HTTP request [method=GET route=/metrics status=200 duration_ms=2.25]
2026-05-12 15:38:19,146 INFO app HTTP request [method=GET route=/metrics status=200 duration_ms=2.63]
2026-05-12 15:38:24,146 INFO app HTTP request [method=GET route=/metrics status=200 duration_ms=2.68]
2026-05-12 15:38:29,143 INFO app HTTP request [method=GET route=/metrics status=200 duration_ms=1.95]
2026-05-12 15:38:34,143 INFO app HTTP request [method=GET route=/metrics status=200 duration_ms=2.13]
2026-05-12 15:38:39,145 INFO app HTTP request [method=GET route=/metrics status=200 duration_ms=2.76]
2026-05-12 15:38:44,144 INFO app HTTP request [method=GET route=/metrics status=200 duration_ms=2.76]
2026-05-12 15:38:49,139 INFO app HTTP request [method=GET route=/metrics status=200 duration_ms=1.18]
2026-05-12 15:38:54,140 INFO app HTTP request [method=GET route=/metrics status=200 duration_ms=1.48]
2026-05-12 15:38:59,142 INFO app HTTP request [method=GET route=/metrics status=200 duration_ms=2.82]
2026-05-12 15:39:04,142 INFO app HTTP request [method=GET route=/metrics status=200 duration_ms=2.6]
2026-05-12 15:39:09,142 INFO app HTTP request [method=GET route=/metrics status=200 duration_ms=2.77]
2026-05-12 15:39:14,140 INFO app HTTP request [method=GET route=/metrics status=200 duration_ms=1.58]
2026-05-12 15:39:19,140 INFO app HTTP request [method=GET route=/metrics status=200 duration_ms=2.36]
2026-05-12 15:39:24,139 INFO app HTTP request [method=GET route=/metrics status=200 duration_ms=2.05]
2026-05-12 15:39:29,139 INFO app HTTP request [method=GET route=/metrics status=200 duration_ms=2.25]
2026-05-12 15:39:34,138 INFO app HTTP request [method=GET route=/metrics status=200 duration_ms=1.25]
2026-05-12 15:39:39,140 INFO app HTTP request [method=GET route=/metrics status=200 duration_ms=2.08]
2026-05-12 15:39:44,139 INFO app HTTP request [method=GET route=/metrics status=200 duration_ms=2.03]
2026-05-12 15:39:49,135 INFO app HTTP request [method=GET route=/metrics status=200 duration_ms=1.82]
2026-05-12 15:39:54,135 INFO app HTTP request [method=GET route=/metrics status=200 duration_ms=2.34]
2026-05-12 15:39:59,135 INFO app HTTP request [method=GET route=/metrics status=200 duration_ms=1.06]
2026-05-12 15:40:04,135 INFO app HTTP request [method=GET route=/metrics status=200 duration_ms=2.21]
2026-05-12 15:40:09,135 INFO app HTTP request [method=GET route=/metrics status=200 duration_ms=1.74]
2026-05-12 15:40:14,136 INFO app HTTP request [method=GET route=/metrics status=200 duration_ms=1.59]
2026-05-12 15:40:19,133 INFO app HTTP request [method=GET route=/metrics status=200 duration_ms=1.88]
2026-05-12 15:40:24,134 INFO app HTTP request [method=GET route=/metrics status=200 duration_ms=2.16]
2026-05-12 15:40:29,135 INFO app HTTP request [method=GET route=/metrics status=200 duration_ms=2.62]
2026-05-12 15:40:34,132 INFO app HTTP request [method=GET route=/metrics status=200 duration_ms=1.04]
2026-05-12 15:40:39,133 INFO app HTTP request [method=GET route=/metrics status=200 duration_ms=1.11]
2026-05-12 15:40:44,135 INFO app HTTP request [method=GET route=/metrics status=200 duration_ms=2.4]
2026-05-12 15:40:49,134 INFO app HTTP request [method=GET route=/metrics status=200 duration_ms=2.55]
2026-05-12 15:40:54,132 INFO app HTTP request [method=GET route=/metrics status=200 duration_ms=2.55]
2026-05-12 15:40:59,132 INFO app HTTP request [method=GET route=/metrics status=200 duration_ms=2.26]
2026-05-12 15:41:04,133 INFO app HTTP request [method=GET route=/metrics status=200 duration_ms=2.64]
2026-05-12 15:41:09,131 INFO app HTTP request [method=GET route=/metrics status=200 duration_ms=1.33]
2026-05-12 15:41:14,134 INFO app HTTP request [method=GET route=/metrics status=200 duration_ms=2.63]
2026-05-12 15:41:19,131 INFO app HTTP request [method=GET route=/metrics status=200 duration_ms=2.74]
2026-05-12 15:41:24,131 INFO app HTTP request [method=GET route=/metrics status=200 duration_ms=2.67]
2026-05-12 15:41:29,130 INFO app HTTP request [method=GET route=/metrics status=200 duration_ms=2.35]
2026-05-12 15:41:34,127 INFO app HTTP request [method=GET route=/metrics status=200 duration_ms=1.14]
2026-05-12 15:41:39,130 INFO app HTTP request [method=GET route=/metrics status=200 duration_ms=2.44]
2026-05-12 15:41:44,128 INFO app HTTP request [method=GET route=/metrics status=200 duration_ms=1.45]
2026-05-12 15:41:49,130 INFO app HTTP request [method=GET route=/metrics status=200 duration_ms=3.32]
2026-05-12 15:41:54,128 INFO app HTTP request [method=GET route=/metrics status=200 duration_ms=2.34]
2026-05-12 15:41:59,128 INFO app HTTP request [method=GET route=/metrics status=200 duration_ms=2.51]
2026-05-12 15:42:04,129 INFO app HTTP request [method=GET route=/metrics status=200 duration_ms=2.79]
2026-05-12 15:42:09,126 INFO app HTTP request [method=GET route=/metrics status=200 duration_ms=1.16]
2026-05-12 15:42:14,129 INFO app HTTP request [method=GET route=/metrics status=200 duration_ms=2.31]
2026-05-12 15:42:19,126 INFO app HTTP request [method=GET route=/metrics status=200 duration_ms=2.13]
2026-05-12 15:42:24,123 INFO app HTTP request [method=GET route=/metrics status=200 duration_ms=1.16]
2026-05-12 15:42:29,126 INFO app HTTP request [method=GET route=/metrics status=200 duration_ms=2.32]
2026-05-12 15:42:34,127 INFO app HTTP request [method=GET route=/metrics status=200 duration_ms=2.72]
2026-05-12 15:42:39,127 INFO app HTTP request [method=GET route=/metrics status=200 duration_ms=2.81]
2026-05-12 15:42:44,125 INFO app HTTP request [method=GET route=/metrics status=200 duration_ms=1.17]
2026-05-12 15:42:49,124 INFO app HTTP request [method=GET route=/metrics status=200 duration_ms=2.53]
2026-05-12 15:42:54,124 INFO app HTTP request [method=GET route=/metrics status=200 duration_ms=2.42]
2026-05-12 15:42:59,128 INFO app HTTP request [method=GET route=/metrics status=200 duration_ms=2.5]
2026-05-12 15:43:04,124 INFO app HTTP request [method=GET route=/metrics status=200 duration_ms=2.63]
2026-05-12 15:43:09,121 INFO app HTTP request [method=GET route=/metrics status=200 duration_ms=1.07]
2026-05-12 15:43:14,125 INFO app HTTP request [method=GET route=/metrics status=200 duration_ms=2.75]
2026-05-12 15:43:19,120 INFO app HTTP request [method=GET route=/metrics status=200 duration_ms=1.91]
2026-05-12 15:43:24,121 INFO app HTTP request [method=GET route=/metrics status=200 duration_ms=2.73]
2026-05-12 15:43:29,122 INFO app HTTP request [method=GET route=/metrics status=200 duration_ms=2.52]
2026-05-12 15:43:34,120 INFO app HTTP request [method=GET route=/metrics status=200 duration_ms=1.17]
2026-05-12 15:43:39,123 INFO app HTTP request [method=GET route=/metrics status=200 duration_ms=3.05]
2026-05-12 15:43:44,120 INFO app HTTP request [method=GET route=/metrics status=200 duration_ms=2.05]
2026-05-12 15:43:49,121 INFO app HTTP request [method=GET route=/metrics status=200 duration_ms=2.66]
2026-05-12 15:43:54,120 INFO app HTTP request [method=GET route=/metrics status=200 duration_ms=2.85]
2026-05-12 15:43:59,118 INFO app HTTP request [method=GET route=/metrics status=200 duration_ms=1.78]
2026-05-12 15:44:04,118 INFO app HTTP request [method=GET route=/metrics status=200 duration_ms=1.9]
2026-05-12 15:44:09,118 INFO app HTTP request [method=GET route=/metrics status=200 duration_ms=1.24]
2026-05-12 15:44:14,119 INFO app HTTP request [method=GET route=/metrics status=200 duration_ms=2.68]
2026-05-12 15:44:19,115 INFO app HTTP request [method=GET route=/metrics status=200 duration_ms=1.19]
2026-05-12 15:44:24,115 INFO app HTTP request [method=GET route=/metrics status=200 duration_ms=1.43]
2026-05-12 15:44:29,115 INFO app HTTP request [method=GET route=/metrics status=200 duration_ms=1.04]
2026-05-12 15:44:34,118 INFO app HTTP request [method=GET route=/metrics status=200 duration_ms=2.38]
2026-05-12 15:44:39,115 INFO app HTTP request [method=GET route=/metrics status=200 duration_ms=1.48]
2026-05-12 15:44:44,116 INFO app HTTP request [method=GET route=/metrics status=200 duration_ms=1.38]
2026-05-12 15:44:49,113 INFO app HTTP request [method=GET route=/metrics status=200 duration_ms=1.43]
2026-05-12 15:44:54,115 INFO app HTTP request [method=GET route=/metrics status=200 duration_ms=2.43]
2026-05-12 15:44:59,113 INFO app HTTP request [method=GET route=/metrics status=200 duration_ms=1.52]
2026-05-12 15:45:04,115 INFO app HTTP request [method=GET route=/metrics status=200 duration_ms=2.16]
2026-05-12 15:45:09,113 INFO app HTTP request [method=GET route=/metrics status=200 duration_ms=1.32]
2026-05-12 15:45:14,111 INFO app HTTP request [method=GET route=/metrics status=200 duration_ms=1.2]
2026-05-12 15:45:19,111 INFO app HTTP request [method=GET route=/metrics status=200 duration_ms=1.12]
2026-05-12 15:45:24,113 INFO app HTTP request [method=GET route=/metrics status=200 duration_ms=2.8]
2026-05-12 15:45:29,114 INFO app HTTP request [method=GET route=/metrics status=200 duration_ms=2.51]
2026-05-12 15:45:34,113 INFO app HTTP request [method=GET route=/metrics status=200 duration_ms=2.65]
2026-05-12 15:45:39,113 INFO app HTTP request [method=GET route=/metrics status=200 duration_ms=2.18]
2026-05-12 15:45:44,114 INFO app HTTP request [method=GET route=/metrics status=200 duration_ms=2.62]
2026-05-12 15:45:49,110 INFO app HTTP request [method=GET route=/metrics status=200 duration_ms=2.2]
2026-05-12 15:45:54,109 INFO app HTTP request [method=GET route=/metrics status=200 duration_ms=1.32]
2026-05-12 15:45:59,111 INFO app HTTP request [method=GET route=/metrics status=200 duration_ms=2.61]
2026-05-12 15:46:04,110 INFO app HTTP request [method=GET route=/metrics status=200 duration_ms=2.12]
2026-05-12 15:46:09,108 INFO app HTTP request [method=GET route=/metrics status=200 duration_ms=1.16]
2026-05-12 15:46:14,109 INFO app HTTP request [method=GET route=/metrics status=200 duration_ms=1.06]
2026-05-12 15:46:19,110 INFO app HTTP request [method=GET route=/metrics status=200 duration_ms=2.86]
2026-05-12 15:46:24,110 INFO app HTTP request [method=GET route=/metrics status=200 duration_ms=2.45]
2026-05-12 15:46:29,108 INFO app HTTP request [method=GET route=/metrics status=200 duration_ms=2.25]
2026-05-12 15:46:34,110 INFO app HTTP request [method=GET route=/metrics status=200 duration_ms=2.64]
2026-05-12 15:46:39,108 INFO app HTTP request [method=GET route=/metrics status=200 duration_ms=2.11]
2026-05-12 15:46:44,106 INFO app HTTP request [method=GET route=/metrics status=200 duration_ms=1.15]
2026-05-12 15:46:49,106 INFO app HTTP request [method=GET route=/metrics status=200 duration_ms=2.42]
2026-05-12 15:46:54,104 INFO app HTTP request [method=GET route=/metrics status=200 duration_ms=1.51]
2026-05-12 15:46:59,108 INFO app HTTP request [method=GET route=/metrics status=200 duration_ms=2.72]
2026-05-12 15:47:04,104 INFO app HTTP request [method=GET route=/metrics status=200 duration_ms=1.08]
2026-05-12 15:47:09,107 INFO app HTTP request [method=GET route=/metrics status=200 duration_ms=2.79]
2026-05-12 15:47:14,103 INFO app HTTP request [method=GET route=/metrics status=200 duration_ms=1.2]
2026-05-12 15:47:19,104 INFO app HTTP request [method=GET route=/metrics status=200 duration_ms=2.61]
2026-05-12 15:47:24,105 INFO app HTTP request [method=GET route=/metrics status=200 duration_ms=2.77]
2026-05-12 15:47:29,103 INFO app HTTP request [method=GET route=/metrics status=200 duration_ms=1.71]
2026-05-12 15:47:34,103 INFO app HTTP request [method=GET route=/metrics status=200 duration_ms=1.18]
2026-05-12 15:47:39,102 INFO app HTTP request [method=GET route=/metrics status=200 duration_ms=1.58]
2026-05-12 15:47:44,102 INFO app HTTP request [method=GET route=/metrics status=200 duration_ms=2.16]
2026-05-12 15:47:49,102 INFO app HTTP request [method=GET route=/metrics status=200 duration_ms=1.82]
2026-05-12 15:47:54,103 INFO app HTTP request [method=GET route=/metrics status=200 duration_ms=2.68]
2026-05-12 15:47:59,102 INFO app HTTP request [method=GET route=/metrics status=200 duration_ms=2.25]
2026-05-12 15:48:04,101 INFO app HTTP request [method=GET route=/metrics status=200 duration_ms=1.19]
2026-05-12 15:48:09,101 INFO app HTTP request [method=GET route=/metrics status=200 duration_ms=2.18]
2026-05-12 15:48:14,101 INFO app HTTP request [method=GET route=/metrics status=200 duration_ms=1.67]
2026-05-12 15:48:19,100 INFO app HTTP request [method=GET route=/metrics status=200 duration_ms=2.27]
2026-05-12 15:48:24,101 INFO app HTTP request [method=GET route=/metrics status=200 duration_ms=2.48]
2026-05-12 15:48:29,098 INFO app HTTP request [method=GET route=/metrics status=200 duration_ms=1.55]
2026-05-12 15:48:34,100 INFO app HTTP request [method=GET route=/metrics status=200 duration_ms=1.62]
2026-05-12 15:48:39,099 INFO app HTTP request [method=GET route=/metrics status=200 duration_ms=2.16]
2026-05-12 15:48:44,100 INFO app HTTP request [method=GET route=/metrics status=200 duration_ms=2.42]
2026-05-12 15:48:49,096 INFO app HTTP request [method=GET route=/metrics status=200 duration_ms=1.43]
2026-05-12 15:48:54,097 INFO app HTTP request [method=GET route=/metrics status=200 duration_ms=2.11]
2026-05-12 15:48:59,096 INFO app HTTP request [method=GET route=/metrics status=200 duration_ms=1.49]
2026-05-12 15:49:04,098 INFO app HTTP request [method=GET route=/metrics status=200 duration_ms=2.68]
2026-05-12 15:49:09,096 INFO app HTTP request [method=GET route=/metrics status=200 duration_ms=2.24]
2026-05-12 15:49:14,098 INFO app HTTP request [method=GET route=/metrics status=200 duration_ms=2.65]
2026-05-12 15:49:19,097 INFO app HTTP request [method=GET route=/metrics status=200 duration_ms=3.29]
2026-05-12 15:49:24,095 INFO app HTTP request [method=GET route=/metrics status=200 duration_ms=2.36]
2026-05-12 15:49:29,096 INFO app HTTP request [method=GET route=/metrics status=200 duration_ms=2.64]
2026-05-12 15:49:34,095 INFO app HTTP request [method=GET route=/metrics status=200 duration_ms=2.49]
2026-05-12 15:49:39,095 INFO app HTTP request [method=GET route=/metrics status=200 duration_ms=1.43]
2026-05-12 15:49:44,092 INFO app HTTP request [method=GET route=/metrics status=200 duration_ms=1.26]
2026-05-12 15:49:49,094 INFO app HTTP request [method=GET route=/metrics status=200 duration_ms=2.45]
2026-05-12 15:49:54,094 INFO app HTTP request [method=GET route=/metrics status=200 duration_ms=2.83]
2026-05-12 15:49:59,092 INFO app HTTP request [method=GET route=/metrics status=200 duration_ms=2.43]
2026-05-12 15:50:04,090 INFO app HTTP request [method=GET route=/metrics status=200 duration_ms=1.11]
2026-05-12 15:50:09,092 INFO app HTTP request [method=GET route=/metrics status=200 duration_ms=1.28]
2026-05-12 15:50:14,094 INFO app HTTP request [method=GET route=/metrics status=200 duration_ms=2.65]
2026-05-12 15:50:19,089 INFO app HTTP request [method=GET route=/metrics status=200 duration_ms=1.47]
2026-05-12 15:50:24,091 INFO app HTTP request [method=GET route=/metrics status=200 duration_ms=2.39]
2026-05-12 15:50:29,089 INFO app HTTP request [method=GET route=/metrics status=200 duration_ms=1.36]
2026-05-12 15:50:34,091 INFO app HTTP request [method=GET route=/metrics status=200 duration_ms=2.18]
2026-05-12 15:50:39,088 INFO app HTTP request [method=GET route=/metrics status=200 duration_ms=1.01]
2026-05-12 15:50:44,090 INFO app HTTP request [method=GET route=/metrics status=200 duration_ms=2.2]
2026-05-12 15:50:49,088 INFO app HTTP request [method=GET route=/metrics status=200 duration_ms=2.04]
2026-05-12 15:50:54,086 INFO app HTTP request [method=GET route=/metrics status=200 duration_ms=1.06]
2026-05-12 15:50:59,089 INFO app HTTP request [method=GET route=/metrics status=200 duration_ms=2.56]
2026-05-12 15:51:04,091 INFO app HTTP request [method=GET route=/metrics status=200 duration_ms=3.64]
2026-05-12 15:51:09,087 INFO app HTTP request [method=GET route=/metrics status=200 duration_ms=1.43]
2026-05-12 15:51:14,089 INFO app HTTP request [method=GET route=/metrics status=200 duration_ms=1.95]
2026-05-12 15:51:19,087 INFO app HTTP request [method=GET route=/metrics status=200 duration_ms=2.3]
2026-05-12 15:51:24,088 INFO app HTTP request [method=GET route=/metrics status=200 duration_ms=2.52]
2026-05-12 15:51:29,086 INFO app HTTP request [method=GET route=/metrics status=200 duration_ms=2.38]
2026-05-12 15:51:34,084 INFO app HTTP request [method=GET route=/metrics status=200 duration_ms=1.18]
2026-05-12 15:51:39,086 INFO app HTTP request [method=GET route=/metrics status=200 duration_ms=1.98]
2026-05-12 15:51:44,086 INFO app HTTP request [method=GET route=/metrics status=200 duration_ms=2.41]
2026-05-12 15:51:49,085 INFO app HTTP request [method=GET route=/metrics status=200 duration_ms=1.94]
2026-05-12 15:51:54,087 INFO app HTTP request [method=GET route=/metrics status=200 duration_ms=2.68]
2026-05-12 15:51:59,084 INFO app HTTP request [method=GET route=/metrics status=200 duration_ms=1.59]
2026-05-12 15:52:04,087 INFO app HTTP request [method=GET route=/metrics status=200 duration_ms=3.13]
2026-05-12 15:52:09,083 INFO app HTTP request [method=GET route=/metrics status=200 duration_ms=1.35]
2026-05-12 15:52:14,085 INFO app HTTP request [method=GET route=/metrics status=200 duration_ms=2.47]
2026-05-12 15:52:19,082 INFO app HTTP request [method=GET route=/metrics status=200 duration_ms=1.74]
2026-05-12 15:52:24,082 INFO app HTTP request [method=GET route=/metrics status=200 duration_ms=1.19]
2026-05-12 15:52:29,080 INFO app HTTP request [method=GET route=/metrics status=200 duration_ms=1.19]
2026-05-12 15:52:34,079 INFO app HTTP request [method=GET route=/metrics status=200 duration_ms=1.15]
2026-05-12 15:52:39,081 INFO app HTTP request [method=GET route=/metrics status=200 duration_ms=1.1]
2026-05-12 15:52:44,084 INFO app HTTP request [method=GET route=/metrics status=200 duration_ms=2.74]
2026-05-12 15:52:49,079 INFO app HTTP request [method=GET route=/metrics status=200 duration_ms=1.62]
2026-05-12 15:52:54,081 INFO app HTTP request [method=GET route=/metrics status=200 duration_ms=2.49]
2026-05-12 15:52:59,080 INFO app HTTP request [method=GET route=/metrics status=200 duration_ms=2.46]
2026-05-12 15:53:04,082 INFO app HTTP request [method=GET route=/metrics status=200 duration_ms=2.48]
2026-05-12 15:53:09,081 INFO app HTTP request [method=GET route=/metrics status=200 duration_ms=2.46]
2026-05-12 15:53:14,080 INFO app HTTP request [method=GET route=/metrics status=200 duration_ms=1.06]
2026-05-12 15:53:19,077 INFO app HTTP request [method=GET route=/metrics status=200 duration_ms=1.61]
2026-05-12 15:53:24,076 INFO app HTTP request [method=GET route=/metrics status=200 duration_ms=1.84]
2026-05-12 15:53:29,076 INFO app HTTP request [method=GET route=/metrics status=200 duration_ms=1.09]
2026-05-12 15:53:34,078 INFO app HTTP request [method=GET route=/metrics status=200 duration_ms=2.19]
2026-05-12 15:53:39,076 INFO app HTTP request [method=GET route=/metrics status=200 duration_ms=1.18]
2026-05-12 15:53:44,080 INFO app HTTP request [method=GET route=/metrics status=200 duration_ms=2.66]
2026-05-12 15:53:49,075 INFO app HTTP request [method=GET route=/metrics status=200 duration_ms=1.99]
2026-05-12 15:53:54,075 INFO app HTTP request [method=GET route=/metrics status=200 duration_ms=1.13]
